<?xml version="1.0" encoding="UTF-8"?>
<!-- Generated by org.testng.reporters.JUnitReportReporter -->
<testsuite hostname="LAPTOP-I5P8PA8I" failures="0" tests="1" name="testscripts.dependantscritps.ParameterTest2" time="0.020" errors="0" timestamp="2022-11-24T09:04:39 IST" skipped="0">
  <testcase classname="testscripts.dependantscritps.ParameterTest2" name="openBrowser" time="0.020"/>
  <system-out/>
</testsuite> <!-- testscripts.dependantscritps.ParameterTest2 -->
