<?xml version="1.0" encoding="UTF-8"?>
<!-- Generated by org.testng.reporters.JUnitReportReporter -->
<testsuite hostname="LAPTOP-I5P8PA8I" failures="0" tests="5" name="testscripts.dependantscritps.DependsOnGroups" time="0.009" errors="0" timestamp="2022-11-24T08:41:22 IST" skipped="0">
  <testcase classname="testscripts.dependantscritps.DependsOnGroups" name="openBrowser2" time="0.006"/>
  <system-out/>
  <testcase classname="testscripts.dependantscritps.DependsOnGroups" name="openBrowser1" time="0.001"/>
  <system-out/>
  <testcase classname="testscripts.dependantscritps.DependsOnGroups" name="signIn" time="0.001"/>
  <system-out/>
  <testcase classname="testscripts.dependantscritps.DependsOnGroups" name="openBrowser4" time="0.000"/>
  <system-out/>
  <testcase classname="testscripts.dependantscritps.DependsOnGroups" name="openBrowser3" time="0.001"/>
  <system-out/>
</testsuite> <!-- testscripts.dependantscritps.DependsOnGroups -->
