<?xml version="1.0" encoding="UTF-8"?>
<!-- Generated by org.testng.reporters.JUnitReportReporter -->
<testsuite hostname="LAPTOP-I5P8PA8I" failures="0" tests="1" name="testscripts.MyInfoSalaryTest" time="63.644" errors="0" timestamp="2022-11-24T08:02:06 IST" skipped="0">
  <testcase classname="testscripts.MyInfoSalaryTest" name="verifyCtc" time="63.644"/>
  <system-out/>
</testsuite> <!-- testscripts.MyInfoSalaryTest -->
