<?xml version="1.0" encoding="UTF-8"?>
<!-- Generated by org.testng.reporters.JUnitReportReporter -->
<testsuite hostname="LAPTOP-I5P8PA8I" failures="0" tests="1" name="testscripts.ImageComparisonWithAshot" time="1.468" errors="0" timestamp="2022-12-04T10:04:52 IST" skipped="0">
  <testcase classname="testscripts.ImageComparisonWithAshot" name="comapreImage" time="1.468"/>
  <system-out/>
</testsuite> <!-- testscripts.ImageComparisonWithAshot -->
