<?xml version="1.0" encoding="UTF-8"?>
<!-- Generated by org.testng.reporters.JUnitReportReporter -->
<testsuite hostname="LAPTOP-I5P8PA8I" failures="0" tests="1" name="testscripts.Log4jDemo" time="0.011" errors="0" timestamp="2022-11-25T08:45:40 IST" skipped="0">
  <testcase classname="testscripts.Log4jDemo" name="m1" time="0.011"/>
  <system-out/>
</testsuite> <!-- testscripts.Log4jDemo -->
