<?xml version="1.0" encoding="UTF-8"?>
<!-- Generated by org.testng.reporters.JUnitReportReporter -->
<testsuite hostname="LAPTOP-I5P8PA8I" failures="0" tests="1" name="testscripts.DataBaseAndUICompareTest" time="7.123" errors="0" timestamp="2022-12-03T12:10:38 IST" skipped="0">
  <testcase classname="testscripts.DataBaseAndUICompareTest" name="compareUIandDBDatab" time="7.123"/>
  <system-out/>
</testsuite> <!-- testscripts.DataBaseAndUICompareTest -->
