<?xml version="1.0" encoding="UTF-8"?>
<!-- Generated by org.testng.reporters.JUnitReportReporter -->
<testsuite hostname="LAPTOP-I5P8PA8I" failures="0" tests="1" name="testscripts.WaitForPageLoadDemo" time="12.365" errors="0" timestamp="2022-11-26T08:37:22 IST" skipped="0">
  <testcase classname="testscripts.WaitForPageLoadDemo" name="openBrowser" time="12.365"/>
  <system-out/>
</testsuite> <!-- testscripts.WaitForPageLoadDemo -->
