<?xml version="1.0" encoding="UTF-8"?>
<!-- Generated by org.testng.reporters.JUnitReportReporter -->
<testsuite hostname="LAPTOP-I5P8PA8I" failures="0" tests="1" name="testscripts.DashboardTest" time="52.907" errors="0" timestamp="2022-11-25T14:49:02 IST" skipped="0">
  <testcase classname="testscripts.DashboardTest" name="verifyWidgetsCountAndText" time="52.907"/>
  <system-out/>
</testsuite> <!-- testscripts.DashboardTest -->
