<?xml version="1.0" encoding="UTF-8"?>
<!-- Generated by org.testng.reporters.JUnitReportReporter -->
<testsuite hostname="LAPTOP-I5P8PA8I" failures="0" tests="1" name="testscripts.ChromeCapabilities" time="3.467" errors="0" timestamp="2022-11-25T07:58:21 IST" skipped="0">
  <testcase classname="testscripts.ChromeCapabilities" name="openBrowser" time="3.467"/>
  <system-out/>
</testsuite> <!-- testscripts.ChromeCapabilities -->
