<?xml version="1.0" encoding="UTF-8"?>
<!-- Generated by org.testng.reporters.JUnitReportReporter -->
<testsuite hostname="LAPTOP-I5P8PA8I" failures="0" tests="3" name="testscripts.dependantscritps.ParameterTest" time="0.032" errors="0" timestamp="2022-11-24T09:02:46 IST" skipped="0">
  <testcase classname="testscripts.dependantscritps.ParameterTest" name="openBrowser1" time="0.006"/>
  <system-out/>
  <testcase classname="testscripts.dependantscritps.ParameterTest" name="openBrowser2" time="0.004"/>
  <system-out/>
  <testcase classname="testscripts.dependantscritps.ParameterTest" name="openBrowser" time="0.022"/>
  <system-out/>
</testsuite> <!-- testscripts.dependantscritps.ParameterTest -->
