<?xml version="1.0" encoding="UTF-8"?>
<!-- Generated by org.testng.reporters.JUnitReportReporter -->
<testsuite hostname="LAPTOP-I5P8PA8I" failures="0" tests="1" name="testscripts.WaitUntilPageLoad" time="6.007" errors="0" timestamp="2022-11-26T00:02:26 IST" skipped="0">
  <testcase classname="testscripts.WaitUntilPageLoad" name="m1" time="6.007"/>
  <system-out/>
</testsuite> <!-- testscripts.WaitUntilPageLoad -->
