<?xml version="1.0" encoding="UTF-8"?>
<!-- Generated by org.testng.reporters.JUnitReportReporter -->
<testsuite hostname="LAPTOP-I5P8PA8I" failures="0" tests="1" name="testscripts.CalendarDemo" time="8.362" errors="0" timestamp="2022-11-26T09:03:47 IST" skipped="0">
  <testcase classname="testscripts.CalendarDemo" name="openBrowser" time="8.362"/>
  <system-out/>
</testsuite> <!-- testscripts.CalendarDemo -->
